<?xml version="1.0" encoding="UTF-8"?>
<testng-results ignored="0" total="2" passed="2" failed="0" skipped="0">
  <reporter-output>
  </reporter-output>
  <suite started-at="2024-05-19T19:12:07 IST" name="Suite" finished-at="2024-05-19T19:12:26 IST" duration-ms="19087">
    <groups>
    </groups>
    <test started-at="2024-05-19T19:12:07 IST" name="Bing Test" finished-at="2024-05-19T19:12:18 IST" duration-ms="11327">
      <class name="bingTest.SampleBingTest">
        <test-method signature="validateBing()[pri:0, instance:bingTest.SampleBingTest@7161d8d1]" started-at="2024-05-19T19:12:07 IST" name="validateBing" finished-at="2024-05-19T19:12:18 IST" duration-ms="11202" status="PASS">
          <reporter-output>
          </reporter-output>
        </test-method> <!-- validateBing -->
      </class> <!-- bingTest.SampleBingTest -->
    </test> <!-- Bing Test -->
    <test started-at="2024-05-19T19:12:18 IST" name="Google Test" finished-at="2024-05-19T19:12:26 IST" duration-ms="7727">
      <class name="googleTest.SampleGoogleTest">
        <test-method signature="validateGoogle()[pri:0, instance:googleTest.SampleGoogleTest@61c4eee0]" started-at="2024-05-19T19:12:18 IST" name="validateGoogle" finished-at="2024-05-19T19:12:26 IST" duration-ms="7715" status="PASS">
          <reporter-output>
          </reporter-output>
        </test-method> <!-- validateGoogle -->
      </class> <!-- googleTest.SampleGoogleTest -->
    </test> <!-- Google Test -->
  </suite> <!-- Suite -->
</testng-results>
